build/outputs/logs/manifest-merger-debug-report.txt
-- Merging decision tree log ---
manifest
ADDED from AndroidManifest.xml:2:1-46:12
	package
		ADDED from AndroidManifest.xml:3:5-42
	android:versionName
		ADDED from AndroidManifest.xml:5:5-30
		INJECTED from AndroidManifest.xml
		INJECTED from AndroidManifest.xml
	android:versionCode
		ADDED from AndroidManifest.xml:4:5-28
		INJECTED from AndroidManifest.xml
		INJECTED from AndroidManifest.xml
	xmlns:android
		ADDED from AndroidManifest.xml:2:11-69
uses-sdk
ADDED from AndroidManifest.xml:7:5-9:41
MERGED from [com.android.support:appcompat-v7:19.1.0] AndroidManifest.xml:18:5-42
MERGED from [com.android.support.constraint:constraint-layout:1.0.0-alpha8] AndroidManifest.xml:5:5-7:41
	android:targetSdkVersion
		ADDED from AndroidManifest.xml:9:9-38
	android:minSdkVersion
		ADDED from AndroidManifest.xml:8:9-35
uses-permission#android.permission.ACCESS_NETWORK_STATE
ADDED from AndroidManifest.xml:11:5-79
	android:name
		ADDED from AndroidManifest.xml:11:22-76
uses-permission#android.permission.INTERNET
ADDED from AndroidManifest.xml:12:5-67
	android:name
		ADDED from AndroidManifest.xml:12:22-64
uses-permission#android.permission.READ_EXTERNAL_STORAGE
ADDED from AndroidManifest.xml:13:5-80
	android:name
		ADDED from AndroidManifest.xml:13:22-77
uses-permission#android.permission.WRITE_EXTERNAL_STORAGE
ADDED from AndroidManifest.xml:14:5-81
	android:name
		ADDED from AndroidManifest.xml:14:22-78
uses-permission#android.permission.READ_PHONE_STATE
ADDED from AndroidManifest.xml:15:5-75
	android:name
		ADDED from AndroidManifest.xml:15:22-72
application
ADDED from AndroidManifest.xml:17:5-44:19
MERGED from [com.android.support:appcompat-v7:19.1.0] AndroidManifest.xml:19:5-20
MERGED from [com.android.support.constraint:constraint-layout:1.0.0-alpha8] AndroidManifest.xml:9:5-20
	android:label
		ADDED from AndroidManifest.xml:20:9-41
	android:allowBackup
		ADDED from AndroidManifest.xml:18:9-36
	android:icon
		ADDED from AndroidManifest.xml:19:9-45
activity#org.mariotaku.gallery3d.app.ImageViewerGLActivity
ADDED from AndroidManifest.xml:21:9-43:20
	android:label
		ADDED from AndroidManifest.xml:25:13-45
	android:hardwareAccelerated
		ADDED from AndroidManifest.xml:24:13-47
	android:launchMode
		ADDED from AndroidManifest.xml:26:13-43
	android:configChanges
		ADDED from AndroidManifest.xml:23:13-74
	android:name
		ADDED from AndroidManifest.xml:22:13-77
intent-filter#android.intent.action.MAIN+android.intent.action.VIEW+android.intent.category.BROWSABLE+android.intent.category.DEFAULT+android.intent.category.LAUNCHER
ADDED from AndroidManifest.xml:27:13-42:29
action#android.intent.action.VIEW
ADDED from AndroidManifest.xml:28:17-69
	android:name
		ADDED from AndroidManifest.xml:28:25-66
action#android.intent.action.MAIN
ADDED from AndroidManifest.xml:29:17-69
	android:name
		ADDED from AndroidManifest.xml:29:25-66
category#android.intent.category.LAUNCHER
ADDED from AndroidManifest.xml:30:17-77
	android:name
		ADDED from AndroidManifest.xml:30:27-74
category#android.intent.category.DEFAULT
ADDED from AndroidManifest.xml:31:17-76
	android:name
		ADDED from AndroidManifest.xml:31:27-73
category#android.intent.category.BROWSABLE
ADDED from AndroidManifest.xml:32:17-78
	android:name
		ADDED from AndroidManifest.xml:32:27-75
data
ADDED from AndroidManifest.xml:33:17-35:45
	android:scheme
		ADDED from AndroidManifest.xml:35:21-42
	android:mimeType
		ADDED from AndroidManifest.xml:34:21-47